c:\towerdefense\towerdefense\towerdefense\debug\towerdefense.pch
c:\towerdefense\towerdefense\towerdefense\debug\vc141.pdb
c:\towerdefense\towerdefense\towerdefense\debug\vc141.idb
c:\towerdefense\towerdefense\towerdefense\debug\stdafx.obj
c:\towerdefense\towerdefense\towerdefense\debug\window.obj
c:\towerdefense\towerdefense\towerdefense\debug\texture.obj
c:\towerdefense\towerdefense\towerdefense\debug\surface.obj
c:\towerdefense\towerdefense\towerdefense\debug\main.obj
c:\towerdefense\towerdefense\towerdefense\debug\spritemanager.obj
c:\towerdefense\towerdefense\towerdefense\debug\sprite.obj
c:\towerdefense\towerdefense\towerdefense\debug\sdlinit.obj
c:\towerdefense\towerdefense\towerdefense\debug\renderer.obj
c:\towerdefense\towerdefense\towerdefense\debug\inputmanager.obj
c:\towerdefense\towerdefense\towerdefense\debug\gameobject.obj
c:\towerdefense\towerdefense\towerdefense\debug\engine.obj
c:\towerdefense\towerdefense\towerdefense\debug\display.obj
c:\towerdefense\towerdefense\towerdefense\debug\component.obj
c:\towerdefense\towerdefense\towerdefense\debug\drawmanager.obj
c:\towerdefense\towerdefense\towerdefense\debug\plane.obj
c:\towerdefense\towerdefense\towerdefense\debug\grid.obj
c:\towerdefense\towerdefense\towerdefense\debug\vec2.obj
c:\towerdefense\towerdefense\debug\towerdefense.exe
c:\towerdefense\towerdefense\debug\towerdefense.ilk
c:\towerdefense\towerdefense\debug\towerdefense.pdb
c:\towerdefense\towerdefense\towerdefense\debug\towerdefense.tlog\cl.command.1.tlog
c:\towerdefense\towerdefense\towerdefense\debug\towerdefense.tlog\cl.read.1.tlog
c:\towerdefense\towerdefense\towerdefense\debug\towerdefense.tlog\cl.write.1.tlog
c:\towerdefense\towerdefense\towerdefense\debug\towerdefense.tlog\link.command.1.tlog
c:\towerdefense\towerdefense\towerdefense\debug\towerdefense.tlog\link.read.1.tlog
c:\towerdefense\towerdefense\towerdefense\debug\towerdefense.tlog\link.write.1.tlog
